{
"contracts/APIConsumer.sol":{"l":{"22":3,"23":0,"25":3,"30":3,"31":3,"32":3,"41":1,"44":1,"56":1,"59":1,"60":1,"63":1,"71":0,"79":0,"80":0,"84":3,"85":3,"86":0,"89":3},"path":"/Users/s/Desktop/hardhat-starter-kit/contracts/APIConsumer.sol","s":{"1":3,"2":0,"3":3,"4":3,"5":3,"6":3,"7":1,"8":1,"9":1,"10":1,"11":1,"12":1,"13":0,"14":0,"15":0,"16":3,"17":3,"18":0},"b":{"1":[0,3],"2":[0,0],"3":[0,3]},"f":{"1":3,"2":1,"3":0,"4":0,"5":3},"fnMap":{"1":{"name":"constructor","line":21,"loc":{"start":{"line":21,"column":4},"end":{"line":33,"column":4}}},"2":{"name":"requestVolumeData","line":39,"loc":{"start":{"line":39,"column":4},"end":{"line":64,"column":4}}},"3":{"name":"fulfill","line":69,"loc":{"start":{"line":69,"column":4},"end":{"line":72,"column":4}}},"4":{"name":"withdrawLink","line":78,"loc":{"start":{"line":78,"column":4},"end":{"line":81,"column":4}}},"5":{"name":"stringToBytes32","line":83,"loc":{"start":{"line":83,"column":4},"end":{"line":92,"column":4}}}},"statementMap":{"1":{"start":{"line":22,"column":8},"end":{"line":22,"column":619}},"2":{"start":{"line":23,"column":12},"end":{"line":23,"column":36}},"3":{"start":{"line":25,"column":12},"end":{"line":25,"column":35}},"4":{"start":{"line":30,"column":8},"end":{"line":30,"column":23}},"5":{"start":{"line":31,"column":8},"end":{"line":31,"column":38}},"6":{"start":{"line":32,"column":8},"end":{"line":32,"column":17}},"7":{"start":{"line":41,"column":8},"end":{"line":41,"column":109}},"8":{"start":{"line":44,"column":8},"end":{"line":44,"column":102}},"9":{"start":{"line":56,"column":8},"end":{"line":56,"column":54}},"10":{"start":{"line":59,"column":8},"end":{"line":59,"column":32}},"11":{"start":{"line":60,"column":8},"end":{"line":60,"column":43}},"12":{"start":{"line":63,"column":8},"end":{"line":63,"column":59}},"13":{"start":{"line":71,"column":8},"end":{"line":71,"column":23}},"14":{"start":{"line":79,"column":8},"end":{"line":79,"column":82}},"15":{"start":{"line":80,"column":8},"end":{"line":80,"column":104}},"16":{"start":{"line":84,"column":8},"end":{"line":84,"column":56}},"17":{"start":{"line":85,"column":8},"end":{"line":85,"column":2800}},"18":{"start":{"line":86,"column":12},"end":{"line":86,"column":22}}},"branchMap":{"1":{"line":22,"type":"if","locations":[{"start":{"line":22,"column":8},"end":{"line":22,"column":8}},{"start":{"line":22,"column":8},"end":{"line":22,"column":8}}]},"2":{"line":80,"type":"if","locations":[{"start":{"line":80,"column":8},"end":{"line":80,"column":8}},{"start":{"line":80,"column":8},"end":{"line":80,"column":8}}]},"3":{"line":85,"type":"if","locations":[{"start":{"line":85,"column":8},"end":{"line":85,"column":8}},{"start":{"line":85,"column":8},"end":{"line":85,"column":8}}]}}},
"contracts/PriceConsumerV3.sol":{"l":{"16":3,"23":1,"30":1},"path":"/Users/s/Desktop/hardhat-starter-kit/contracts/PriceConsumerV3.sol","s":{"1":3,"2":1,"3":1},"b":{},"f":{"1":3,"2":1},"fnMap":{"1":{"name":"constructor","line":15,"loc":{"start":{"line":15,"column":4},"end":{"line":17,"column":4}}},"2":{"name":"getLatestPrice","line":22,"loc":{"start":{"line":22,"column":4},"end":{"line":31,"column":4}}}},"statementMap":{"1":{"start":{"line":16,"column":8},"end":{"line":16,"column":52}},"2":{"start":{"line":23,"column":8},"end":{"line":23,"column":601}},"3":{"start":{"line":30,"column":8},"end":{"line":30,"column":20}}},"branchMap":{}},
"contracts/RandomNumberConsumer.sol":{"l":{"29":3,"30":3,"37":1,"38":1,"45":0,"55":0},"path":"/Users/s/Desktop/hardhat-starter-kit/contracts/RandomNumberConsumer.sol","s":{"1":3,"2":3,"3":1,"4":1,"5":0,"6":0},"b":{"1":[0,0]},"f":{"1":3,"2":1,"3":0,"4":0},"fnMap":{"1":{"name":"constructor","line":27,"loc":{"start":{"line":20,"column":4},"end":{"line":31,"column":4}}},"2":{"name":"getRandomNumber","line":36,"loc":{"start":{"line":36,"column":4},"end":{"line":39,"column":4}}},"3":{"name":"fulfillRandomness","line":44,"loc":{"start":{"line":44,"column":4},"end":{"line":46,"column":4}}},"4":{"name":"withdrawLink","line":54,"loc":{"start":{"line":54,"column":4},"end":{"line":56,"column":4}}}},"statementMap":{"1":{"start":{"line":29,"column":8},"end":{"line":29,"column":25}},"2":{"start":{"line":30,"column":8},"end":{"line":30,"column":17}},"3":{"start":{"line":37,"column":8},"end":{"line":37,"column":50}},"4":{"start":{"line":38,"column":8},"end":{"line":38,"column":43}},"5":{"start":{"line":45,"column":8},"end":{"line":45,"column":32}},"6":{"start":{"line":55,"column":8},"end":{"line":55,"column":94}}},"branchMap":{"1":{"line":55,"type":"if","locations":[{"start":{"line":55,"column":8},"end":{"line":55,"column":8}},{"start":{"line":55,"column":8},"end":{"line":55,"column":8}}]}}},
"contracts/test/LinkToken.sol":{"l":{},"path":"/Users/s/Desktop/hardhat-starter-kit/contracts/test/LinkToken.sol","s":{},"b":{},"f":{},"fnMap":{},"statementMap":{},"branchMap":{}},
"contracts/test/MockOracle.sol":{"l":{"51":9,"82":1,"83":1,"85":1,"87":1,"92":1,"121":0,"122":0,"123":0,"127":0,"128":0,"149":0,"151":0,"153":0,"154":0,"156":0,"170":2,"180":0,"181":0,"190":1,"191":1},"path":"/Users/s/Desktop/hardhat-starter-kit/contracts/test/MockOracle.sol","s":{"1":9,"2":1,"3":1,"4":1,"5":1,"6":1,"7":0,"8":0,"9":0,"10":0,"11":0,"12":0,"13":0,"14":0,"15":2,"16":0,"17":1},"b":{"1":[1,0],"2":[0,0],"3":[0,0],"4":[0,0],"5":[0,0],"6":[1,0]},"f":{"1":9,"2":1,"3":0,"4":0,"5":2,"6":0,"7":1},"fnMap":{"1":{"name":"constructor","line":48,"loc":{"start":{"line":48,"column":2},"end":{"line":52,"column":2}}},"2":{"name":"oracleRequest","line":80,"loc":{"start":{"line":67,"column":2},"end":{"line":102,"column":2}}},"3":{"name":"fulfillOracleRequest","line":118,"loc":{"start":{"line":113,"column":2},"end":{"line":129,"column":2}}},"4":{"name":"cancelOracleRequest","line":140,"loc":{"start":{"line":140,"column":2},"end":{"line":157,"column":2}}},"5":{"name":"getChainlinkToken","line":164,"loc":{"start":{"line":164,"column":2},"end":{"line":171,"column":2}}},"6":{"name":"isValidRequest","line":179,"loc":{"start":{"line":179,"column":2},"end":{"line":182,"column":2}}},"7":{"name":"checkCallbackAddress","line":189,"loc":{"start":{"line":189,"column":2},"end":{"line":192,"column":2}}}},"statementMap":{"1":{"start":{"line":51,"column":4},"end":{"line":51,"column":40}},"2":{"start":{"line":82,"column":4},"end":{"line":82,"column":68}},"3":{"start":{"line":83,"column":4},"end":{"line":83,"column":85}},"4":{"start":{"line":85,"column":4},"end":{"line":85,"column":45}},"5":{"start":{"line":87,"column":4},"end":{"line":87,"column":2767}},"6":{"start":{"line":92,"column":4},"end":{"line":92,"column":2875}},"7":{"start":{"line":121,"column":4},"end":{"line":121,"column":48}},"8":{"start":{"line":123,"column":4},"end":{"line":123,"column":87}},"9":{"start":{"line":127,"column":4},"end":{"line":127,"column":111}},"10":{"start":{"line":128,"column":4},"end":{"line":128,"column":18}},"11":{"start":{"line":149,"column":4},"end":{"line":149,"column":86}},"12":{"start":{"line":151,"column":4},"end":{"line":151,"column":56}},"13":{"start":{"line":154,"column":4},"end":{"line":154,"column":40}},"14":{"start":{"line":156,"column":4},"end":{"line":156,"column":51}},"15":{"start":{"line":170,"column":4},"end":{"line":170,"column":29}},"16":{"start":{"line":180,"column":4},"end":{"line":180,"column":93}},"17":{"start":{"line":190,"column":4},"end":{"line":190,"column":64}}},"branchMap":{"1":{"line":83,"type":"if","locations":[{"start":{"line":83,"column":4},"end":{"line":83,"column":4}},{"start":{"line":83,"column":4},"end":{"line":83,"column":4}}]},"2":{"line":123,"type":"if","locations":[{"start":{"line":123,"column":4},"end":{"line":123,"column":4}},{"start":{"line":123,"column":4},"end":{"line":123,"column":4}}]},"3":{"line":149,"type":"if","locations":[{"start":{"line":149,"column":4},"end":{"line":149,"column":4}},{"start":{"line":149,"column":4},"end":{"line":149,"column":4}}]},"4":{"line":151,"type":"if","locations":[{"start":{"line":151,"column":4},"end":{"line":151,"column":4}},{"start":{"line":151,"column":4},"end":{"line":151,"column":4}}]},"5":{"line":180,"type":"if","locations":[{"start":{"line":180,"column":4},"end":{"line":180,"column":4}},{"start":{"line":180,"column":4},"end":{"line":180,"column":4}}]},"6":{"line":190,"type":"if","locations":[{"start":{"line":190,"column":4},"end":{"line":190,"column":4}},{"start":{"line":190,"column":4},"end":{"line":190,"column":4}}]}}},
"contracts/test/MockV3Aggregator.sol":{"l":{},"path":"/Users/s/Desktop/hardhat-starter-kit/contracts/test/MockV3Aggregator.sol","s":{},"b":{},"f":{},"fnMap":{},"statementMap":{},"branchMap":{}},
"contracts/test/VRFCoordinatorMock.sol":{"l":{},"path":"/Users/s/Desktop/hardhat-starter-kit/contracts/test/VRFCoordinatorMock.sol","s":{},"b":{},"f":{},"fnMap":{},"statementMap":{},"branchMap":{}}}
