TN:
SF:/Users/s/Desktop/hardhat-starter-kit/contracts/APIConsumer.sol
FN:21,constructor
FN:39,requestVolumeData
FN:69,fulfill
FN:78,withdrawLink
FN:83,stringToBytes32
FNF:5
FNH:3
FNDA:3,constructor
FNDA:1,requestVolumeData
FNDA:0,fulfill
FNDA:0,withdrawLink
FNDA:3,stringToBytes32
DA:22,3
DA:23,0
DA:25,3
DA:30,3
DA:31,3
DA:32,3
DA:41,1
DA:44,1
DA:56,1
DA:59,1
DA:60,1
DA:63,1
DA:71,0
DA:79,0
DA:80,0
DA:84,3
DA:85,3
DA:86,0
DA:89,3
LF:19
LH:14
BRDA:22,1,0,0
BRDA:22,1,1,3
BRDA:80,2,0,0
BRDA:80,2,1,0
BRDA:85,3,0,0
BRDA:85,3,1,3
BRF:6
BRH:2
end_of_record
TN:
SF:/Users/s/Desktop/hardhat-starter-kit/contracts/PriceConsumerV3.sol
FN:15,constructor
FN:22,getLatestPrice
FNF:2
FNH:2
FNDA:3,constructor
FNDA:1,getLatestPrice
DA:16,3
DA:23,1
DA:30,1
LF:3
LH:3
BRF:0
BRH:0
end_of_record
TN:
SF:/Users/s/Desktop/hardhat-starter-kit/contracts/RandomNumberConsumer.sol
FN:27,constructor
FN:36,getRandomNumber
FN:44,fulfillRandomness
FN:54,withdrawLink
FNF:4
FNH:2
FNDA:3,constructor
FNDA:1,getRandomNumber
FNDA:0,fulfillRandomness
FNDA:0,withdrawLink
DA:29,3
DA:30,3
DA:37,1
DA:38,1
DA:45,0
DA:55,0
LF:6
LH:4
BRDA:55,1,0,0
BRDA:55,1,1,0
BRF:2
BRH:0
end_of_record
TN:
SF:/Users/s/Desktop/hardhat-starter-kit/contracts/test/LinkToken.sol
FNF:0
FNH:0
LF:0
LH:0
BRF:0
BRH:0
end_of_record
TN:
SF:/Users/s/Desktop/hardhat-starter-kit/contracts/test/MockOracle.sol
FN:48,constructor
FN:80,oracleRequest
FN:118,fulfillOracleRequest
FN:140,cancelOracleRequest
FN:164,getChainlinkToken
FN:179,isValidRequest
FN:189,checkCallbackAddress
FNF:7
FNH:4
FNDA:9,constructor
FNDA:1,oracleRequest
FNDA:0,fulfillOracleRequest
FNDA:0,cancelOracleRequest
FNDA:2,getChainlinkToken
FNDA:0,isValidRequest
FNDA:1,checkCallbackAddress
DA:51,9
DA:82,1
DA:83,1
DA:85,1
DA:87,1
DA:92,1
DA:121,0
DA:122,0
DA:123,0
DA:127,0
DA:128,0
DA:149,0
DA:151,0
DA:153,0
DA:154,0
DA:156,0
DA:170,2
DA:180,0
DA:181,0
DA:190,1
DA:191,1
LF:21
LH:9
BRDA:83,1,0,1
BRDA:83,1,1,0
BRDA:123,2,0,0
BRDA:123,2,1,0
BRDA:149,3,0,0
BRDA:149,3,1,0
BRDA:151,4,0,0
BRDA:151,4,1,0
BRDA:180,5,0,0
BRDA:180,5,1,0
BRDA:190,6,0,1
BRDA:190,6,1,0
BRF:12
BRH:2
end_of_record
TN:
SF:/Users/s/Desktop/hardhat-starter-kit/contracts/test/MockV3Aggregator.sol
FNF:0
FNH:0
LF:0
LH:0
BRF:0
BRH:0
end_of_record
TN:
SF:/Users/s/Desktop/hardhat-starter-kit/contracts/test/VRFCoordinatorMock.sol
FNF:0
FNH:0
LF:0
LH:0
BRF:0
BRH:0
end_of_record
